<?xml version="1.0" encoding="UTF-8"?>
<!-- Generated by org.testng.reporters.JUnitXMLReporter -->
<testsuite hostname="HYD-LAP-00596" name="Default test" tests="4" failures="0" timestamp="8 Jan 2020 06:45:57 GMT" time="2.127" errors="0">
  <testcase name="postserviceop" time="1.79" classname="com.rest.assure.GetAndPost"/>
  <testcase name="postserviceop" time="1.79" classname="com.rest.assure.GetAndPost"/>
  <testcase name="testQueryGenderParam" time="0.224" classname="com.rest.assure.GetAndPost"/>
  <testcase name="testQueryGenderParam" time="0.224" classname="com.rest.assure.GetAndPost"/>
</testsuite> <!-- Default test -->
